U-Boot 2019.04 (Jun 02 2019 - 22:08:15 -0600)

DRAM:  512 MiB
WARNING: Caches not enabled
Flash: 128 MiB
MMC:   MMC: 0
*** Warning - bad CRC, using default environment

In:    serial
Out:   serial
Err:   serial
Net:   smc911x-0
Hit any key to stop autoboot:  0 
=> 
=> 
=> 
=> 
=> 
=> 
=> 
=> 
=> 
=> 
=> 
=> 
=> 
=> 
=> 
=> fatload mmc 0 0x60000000 zImage
4479432 bytes read in 2252 ms (1.9 MiB/s)
=> fatload mmc 0 0x60500000 vexpress-v2p-ca9.dtb
14087 bytes read in 52 ms (263.7 KiB/s)
=> setenv bootargs earlyprintk=serial console=${console}$ root=/dev/mmcblk0p2 mem=512M vmalloc=256M
=> bootz 0x60000000 - 0x60500000
Kernel image @ 0x60000000 [ 0x000000 - 0x4459c8 ]
## Flattened Device Tree blob at 60500000
   Booting using the fdt blob at 0x60500000
   Loading Device Tree to 7fe72000, end 7fe78706 ... OK
